
================================================================
======== Log Rotated - 9/28/2023, 12:00:00 AM                   
================================================================
[12:04:41 AM] [AAQhA#2] Moscovium: disconnected (Exiting)
[3:53:52 PM] txAdmin: Logger started
[3:54:58 PM] [8CzWj#1] Moscovium: joined with identifiers [license:797ca6dae65d626cd567cfad5e6cedb41d9d26f9; discord:367950369961148416; fivem:2137848; license2:f4a4d1839926a28fb9ec246ff12a973fe8a50624]
[4:06:57 PM] [8CzWj#1] Moscovium: disconnected ([txAdmin] Server restarting (requested by Tyler_Davis).)
[4:07:15 PM] txAdmin: Logger started
[4:07:38 PM] [RHE3p#1] Moscovium: joined with identifiers [license:797ca6dae65d626cd567cfad5e6cedb41d9d26f9; discord:367950369961148416; fivem:2137848; license2:f4a4d1839926a28fb9ec246ff12a973fe8a50624]
[4:08:08 PM] [RHE3p#1] Moscovium: disconnected (Exiting)
[4:10:30 PM] [RHE3p#2] Moscovium: joined with identifiers [license:797ca6dae65d626cd567cfad5e6cedb41d9d26f9; discord:367950369961148416; fivem:2137848; license2:f4a4d1839926a28fb9ec246ff12a973fe8a50624]
[4:11:06 PM] [RHE3p#2] Moscovium: disconnected (Exiting)
[4:14:00 PM] txAdmin: Logger started
[4:14:22 PM] [pNqtk#1] Moscovium: joined with identifiers [license:797ca6dae65d626cd567cfad5e6cedb41d9d26f9; discord:367950369961148416; fivem:2137848; license2:f4a4d1839926a28fb9ec246ff12a973fe8a50624]
[4:15:54 PM] [pNqtk#1] Moscovium: disconnected (Exiting)
[4:38:01 PM] txAdmin: Logger started
[4:38:28 PM] [bkekK#1] Moscovium: joined with identifiers [license:797ca6dae65d626cd567cfad5e6cedb41d9d26f9; discord:367950369961148416; fivem:2137848; license2:f4a4d1839926a28fb9ec246ff12a973fe8a50624]
[4:42:50 PM] [bkekK#2] Davy Jones: joined with identifiers [license:a12dcb9fb78b7aa8ddc3ed0488105eb2115f5e84; xbl:2535470970623263; live:985157473015842; discord:278441367301128194; fivem:2609556; license2:a12dcb9fb78b7aa8ddc3ed0488105eb2115f5e84]
[4:45:19 PM] [bkekK#2] Davy Jones: disconnected (Server->client connection timed out. Last seen 47234 msec ago.)
[4:46:52 PM] [bkekK#1] Moscovium: disconnected ([txAdmin] Server restarting (requested by Tyler_Davis).)
[4:47:09 PM] txAdmin: Logger started
[4:47:38 PM] [mrFmc#1] Moscovium: joined with identifiers [license:797ca6dae65d626cd567cfad5e6cedb41d9d26f9; discord:367950369961148416; fivem:2137848; license2:f4a4d1839926a28fb9ec246ff12a973fe8a50624]
[4:53:19 PM] [mrFmc#1] Moscovium: disconnected (Exiting)
[4:54:25 PM] [mrFmc#2] Moscovium: joined with identifiers [license:797ca6dae65d626cd567cfad5e6cedb41d9d26f9; discord:367950369961148416; fivem:2137848; license2:f4a4d1839926a28fb9ec246ff12a973fe8a50624]
[5:11:15 PM] [mrFmc#2] Moscovium: died from suicide (Falling)
[5:33:09 PM] [mrFmc#2] Moscovium: disconnected ([txAdmin] Server restarting (requested by Tyler_Davis).)
[5:33:27 PM] txAdmin: Logger started
[5:33:50 PM] [VAFYA#1] Moscovium: joined with identifiers [license:797ca6dae65d626cd567cfad5e6cedb41d9d26f9; discord:367950369961148416; fivem:2137848; license2:f4a4d1839926a28fb9ec246ff12a973fe8a50624]
[5:36:32 PM] [VAFYA#1] Moscovium: disconnected ([txAdmin] Server restarting (requested by Tyler_Davis).)
[5:36:50 PM] txAdmin: Logger started
[5:37:47 PM] txAdmin: Logger started
[5:38:12 PM] [EecrT#1] Moscovium: joined with identifiers [license:797ca6dae65d626cd567cfad5e6cedb41d9d26f9; discord:367950369961148416; fivem:2137848; license2:f4a4d1839926a28fb9ec246ff12a973fe8a50624]
[5:42:37 PM] [EecrT#1] Moscovium: disconnected ([txAdmin] Server restarting (requested by Tyler_Davis).)
[5:42:55 PM] txAdmin: Logger started
[5:43:18 PM] [kj6nE#1] Moscovium: joined with identifiers [license:797ca6dae65d626cd567cfad5e6cedb41d9d26f9; discord:367950369961148416; fivem:2137848; license2:f4a4d1839926a28fb9ec246ff12a973fe8a50624]
[5:48:26 PM] [kj6nE#1] Moscovium: disconnected ([txAdmin] Server restarting (requested by Tyler_Davis).)
[5:48:44 PM] txAdmin: Logger started
[5:50:57 PM] txAdmin: Logger started
[5:51:20 PM] [tLDxd#1] Moscovium: joined with identifiers [license:797ca6dae65d626cd567cfad5e6cedb41d9d26f9; discord:367950369961148416; fivem:2137848; license2:f4a4d1839926a28fb9ec246ff12a973fe8a50624]
[6:12:19 PM] [tLDxd#1] Moscovium: disconnected (Exiting)
[6:12:43 PM] txAdmin: Logger started
[6:13:04 PM] [aMJYP#1] Moscovium: joined with identifiers [license:797ca6dae65d626cd567cfad5e6cedb41d9d26f9; discord:367950369961148416; fivem:2137848; license2:f4a4d1839926a28fb9ec246ff12a973fe8a50624]
[6:15:33 PM] [aMJYP#2] Davy Jones: joined with identifiers [license:a12dcb9fb78b7aa8ddc3ed0488105eb2115f5e84; xbl:2535470970623263; live:985157473015842; discord:278441367301128194; fivem:2609556; license2:a12dcb9fb78b7aa8ddc3ed0488105eb2115f5e84]
[6:19:17 PM] [aMJYP#1] Moscovium: died from Special Carbine Mk2 by Davy Jones
[6:31:01 PM] [aMJYP#2] Davy Jones: died from suicide (Falling)
[6:33:06 PM] [aMJYP#2] Davy Jones: died from suicide (Falling)
[7:34:01 PM] [aMJYP#2] Davy Jones: disconnected (Attempted exploit abuse)
[7:39:10 PM] [aMJYP#3] Phill McraCKIN: joined with identifiers [license:2c7795ddb5f9b59f875a9e7cec8bca869d61da49; xbl:2535407783685999; live:1055521849039422; discord:171721272793890816; fivem:10530251; license2:2da346e39f140256cc8dbbb48e625415679f67e9]
[8:31:30 PM] [aMJYP#3] Phill McraCKIN: died from suicide (Falling)
[8:36:55 PM] [aMJYP#1] Moscovium: died from Fist by Phill McraCKIN
[8:38:22 PM] [aMJYP#1] Moscovium: died from suicide (Falling)
[9:06:46 PM] [aMJYP#4] Davy Jones: joined with identifiers [license:a12dcb9fb78b7aa8ddc3ed0488105eb2115f5e84; xbl:2535470970623263; live:985157473015842; discord:278441367301128194; fivem:2609556; license2:a12dcb9fb78b7aa8ddc3ed0488105eb2115f5e84]
[9:11:47 PM] [aMJYP#1] Moscovium: disconnected ([txAdmin] Server restarting (requested by Tyler_Davis).)
[9:11:47 PM] [aMJYP#3] Phill McraCKIN: disconnected ([txAdmin] Server restarting (requested by Tyler_Davis).)
[9:11:47 PM] [aMJYP#4] Davy Jones: disconnected ([txAdmin] Server restarting (requested by Tyler_Davis).)
[9:13:06 PM] txAdmin: Logger started
[9:14:26 PM] [XD6NH#1] Moscovium: joined with identifiers [license:797ca6dae65d626cd567cfad5e6cedb41d9d26f9; discord:367950369961148416; fivem:2137848; license2:f4a4d1839926a28fb9ec246ff12a973fe8a50624]
[9:15:17 PM] [XD6NH#2] Davy Jones: joined with identifiers [license:a12dcb9fb78b7aa8ddc3ed0488105eb2115f5e84; xbl:2535470970623263; live:985157473015842; discord:278441367301128194; fivem:2609556; license2:a12dcb9fb78b7aa8ddc3ed0488105eb2115f5e84]
[9:15:23 PM] [XD6NH#3] Phill McraCKIN: joined with identifiers [license:2c7795ddb5f9b59f875a9e7cec8bca869d61da49; xbl:2535407783685999; live:1055521849039422; discord:171721272793890816; fivem:10530251; license2:2da346e39f140256cc8dbbb48e625415679f67e9]
[9:19:11 PM] [XD6NH#3] Phill McraCKIN: died from Special Carbine Mk2 by Davy Jones
[9:21:22 PM] [XD6NH#2] Davy Jones: said "/tom"
[9:22:57 PM] [XD6NH#2] Davy Jones: died from Fist by Phill McraCKIN
[9:23:04 PM] [XD6NH#2] Davy Jones: said "/revive2"
[9:25:51 PM] [XD6NH#2] Davy Jones: died from suicide
[9:27:58 PM] [XD6NH#2] Davy Jones: died from suicide (Falling)
[9:28:43 PM] [XD6NH#2] Davy Jones: died from Golfclub by Phill McraCKIN
[9:28:50 PM] [XD6NH#2] Davy Jones: died from Golfclub by Phill McraCKIN
[9:29:08 PM] [XD6NH#3] Phill McraCKIN: died from Pistol by Davy Jones
[9:29:17 PM] [XD6NH#2] Davy Jones: said "/revive3"
[9:29:38 PM] [XD6NH#2] Davy Jones: died from Fist by Phill McraCKIN
[9:29:47 PM] [XD6NH#2] Davy Jones: died from Fist by Phill McraCKIN
[9:30:01 PM] [XD6NH#3] Phill McraCKIN: died from Special Carbine Mk2 by Davy Jones
[9:30:20 PM] [XD6NH#3] Phill McraCKIN: died from Special Carbine Mk2 by Davy Jones
[9:30:35 PM] [XD6NH#2] Davy Jones: died from Pistol by Phill McraCKIN
[9:30:43 PM] [XD6NH#2] Davy Jones: died from Pistol by Phill McraCKIN
[9:30:52 PM] [XD6NH#3] Phill McraCKIN: died from Special Carbine Mk2 by Davy Jones
[9:31:23 PM] [XD6NH#3] Phill McraCKIN: died from Special Carbine Mk2 by Davy Jones
[9:31:28 PM] [XD6NH#2] Davy Jones: died from suicide (Falling)
[9:31:30 PM] [XD6NH#2] Davy Jones: said "/revive2"
[9:31:58 PM] [XD6NH#2] Davy Jones: died from Pistol by Phill McraCKIN
[9:32:17 PM] [XD6NH#3] Phill McraCKIN: died from Special Carbine Mk2 by Davy Jones
[9:32:23 PM] [XD6NH#2] Davy Jones: caused an explosion (GAS_CANISTER)
[9:32:23 PM] [XD6NH#1] Moscovium: caused an explosion (GAS_CANISTER)
[9:32:24 PM] [XD6NH#2] Davy Jones: caused an explosion (BARREL)
[9:32:24 PM] [XD6NH#1] Moscovium: caused an explosion (BARREL)
[9:32:24 PM] [XD6NH#3] Phill McraCKIN: caused an explosion (BARREL)
[9:32:39 PM] [XD6NH#2] Davy Jones: died from Pistol by Phill McraCKIN
[9:32:48 PM] [XD6NH#2] Davy Jones: died from Pistol by Phill McraCKIN
[9:33:01 PM] [XD6NH#1] Moscovium: died from Pistol by Davy Jones
[9:33:02 PM] [XD6NH#2] Davy Jones: died from Pistol by Phill McraCKIN
[9:33:17 PM] [XD6NH#2] Davy Jones: died from Pistol by Phill McraCKIN
[9:33:27 PM] [XD6NH#2] Davy Jones: died from Pistol by Phill McraCKIN
[9:33:50 PM] [XD6NH#3] Phill McraCKIN: died from Pistol by Davy Jones
[9:34:26 PM] [XD6NH#3] Phill McraCKIN: died from Pistol by Davy Jones
[9:35:18 PM] [XD6NH#2] Davy Jones: died from Pistol by Phill McraCKIN
[9:35:36 PM] [XD6NH#2] Davy Jones: died from Pistol by Phill McraCKIN
[9:35:37 PM] [XD6NH#3] Phill McraCKIN: died from Pistol by Davy Jones
[9:36:15 PM] [XD6NH#1] Moscovium: died from Pistol by Davy Jones
[9:36:31 PM] [XD6NH#2] Davy Jones: died from Pistol by Phill McraCKIN
[9:38:06 PM] [XD6NH#2] Davy Jones: died from suicide (Falling)
[9:38:24 PM] [XD6NH#2] Davy Jones: died from Pistol by Phill McraCKIN
[9:38:45 PM] [XD6NH#2] Davy Jones: died from Pistol by Phill McraCKIN
[9:39:09 PM] [XD6NH#2] Davy Jones: died from Pistol by Phill McraCKIN
[9:39:45 PM] [XD6NH#2] Davy Jones: died from Pistol by Phill McraCKIN
[9:39:46 PM] [XD6NH#3] Phill McraCKIN: died from suicide (Falling)
[9:40:11 PM] [XD6NH#2] Davy Jones: died from Fist by Phill McraCKIN
[9:40:27 PM] [XD6NH#3] Phill McraCKIN: died from Fist by Davy Jones
[9:40:45 PM] [XD6NH#3] Phill McraCKIN: died from Fist by Davy Jones
[9:42:23 PM] [XD6NH#2] Davy Jones: died from Fist by Phill McraCKIN
[9:44:23 PM] [XD6NH#1] Moscovium: died from suicide
[9:44:27 PM] [XD6NH#2] Davy Jones: died from suicide
[9:45:41 PM] [XD6NH#1] Moscovium: disconnected ([txAdmin] Server restarting (requested by Tyler_Davis).)
[9:45:41 PM] [XD6NH#2] Davy Jones: disconnected ([txAdmin] Server restarting (requested by Tyler_Davis).)
[9:45:41 PM] [XD6NH#3] Phill McraCKIN: disconnected ([txAdmin] Server restarting (requested by Tyler_Davis).)
[9:46:00 PM] txAdmin: Logger started
[9:46:22 PM] [mFtgQ#1] Moscovium: joined with identifiers [license:797ca6dae65d626cd567cfad5e6cedb41d9d26f9; discord:367950369961148416; fivem:2137848; license2:f4a4d1839926a28fb9ec246ff12a973fe8a50624]
[9:46:23 PM] [mFtgQ#2] Davy Jones: joined with identifiers [license:a12dcb9fb78b7aa8ddc3ed0488105eb2115f5e84; xbl:2535470970623263; live:985157473015842; discord:278441367301128194; fivem:2609556; license2:a12dcb9fb78b7aa8ddc3ed0488105eb2115f5e84]
[9:46:37 PM] [mFtgQ#3] Phill McraCKIN: joined with identifiers [license:2c7795ddb5f9b59f875a9e7cec8bca869d61da49; xbl:2535407783685999; live:1055521849039422; discord:171721272793890816; fivem:10530251; license2:2da346e39f140256cc8dbbb48e625415679f67e9]
[9:52:28 PM] [mFtgQ#2] Davy Jones: died from suicide (Falling)
[9:53:39 PM] [mFtgQ#1] Moscovium: died from suicide (Falling)
[9:55:55 PM] [mFtgQ#1] Moscovium: disconnected (Game crashed: GTA5_b2802.exe!sub_14070EDCC (0x50))
[9:56:01 PM] [mFtgQ#2] Davy Jones: disconnected (Game crashed: GTA5_b2802.exe!sub_1411C0F9C (0x12))
[9:56:03 PM] [mFtgQ#3] Phill McraCKIN: disconnected ([txAdmin] Server restarting (requested by Tyler_Davis).)
[9:56:20 PM] txAdmin: Logger started
[9:56:51 PM] [g6iQG#1] Davy Jones: joined with identifiers [license:a12dcb9fb78b7aa8ddc3ed0488105eb2115f5e84; xbl:2535470970623263; live:985157473015842; discord:278441367301128194; fivem:2609556; license2:a12dcb9fb78b7aa8ddc3ed0488105eb2115f5e84]
[9:57:37 PM] [g6iQG#2] Phill McraCKIN: joined with identifiers [license:2c7795ddb5f9b59f875a9e7cec8bca869d61da49; xbl:2535407783685999; live:1055521849039422; discord:171721272793890816; fivem:10530251; license2:2da346e39f140256cc8dbbb48e625415679f67e9]
[9:58:05 PM] [g6iQG#3] Moscovium: joined with identifiers [license:797ca6dae65d626cd567cfad5e6cedb41d9d26f9; discord:367950369961148416; fivem:2137848; license2:f4a4d1839926a28fb9ec246ff12a973fe8a50624]
[9:59:58 PM] [g6iQG#2] Phill McraCKIN: caused an explosion (CAR)
[10:00:46 PM] [g6iQG#2] Phill McraCKIN: died from Pistol by Davy Jones
[10:01:34 PM] [g6iQG#3] Moscovium: disconnected ([txAdmin] Server restarting (requested by Tyler_Davis).)
[10:01:34 PM] [g6iQG#2] Phill McraCKIN: disconnected ([txAdmin] Server restarting (requested by Tyler_Davis).)
[10:01:34 PM] [g6iQG#1] Davy Jones: disconnected ([txAdmin] Server restarting (requested by Tyler_Davis).)
[10:01:52 PM] txAdmin: Logger started
[10:02:14 PM] [eyEmF#1] Moscovium: joined with identifiers [license:797ca6dae65d626cd567cfad5e6cedb41d9d26f9; discord:367950369961148416; fivem:2137848; license2:f4a4d1839926a28fb9ec246ff12a973fe8a50624]
[10:02:17 PM] [eyEmF#2] Phill McraCKIN: joined with identifiers [license:2c7795ddb5f9b59f875a9e7cec8bca869d61da49; xbl:2535407783685999; live:1055521849039422; discord:171721272793890816; fivem:10530251; license2:2da346e39f140256cc8dbbb48e625415679f67e9]
[10:03:12 PM] [eyEmF#3] Davy Jones: joined with identifiers [license:a12dcb9fb78b7aa8ddc3ed0488105eb2115f5e84; xbl:2535470970623263; live:985157473015842; discord:278441367301128194; fivem:2609556; license2:a12dcb9fb78b7aa8ddc3ed0488105eb2115f5e84]
[10:09:23 PM] [eyEmF#1] Moscovium: died from Pistol by Phill McraCKIN
[10:10:07 PM] [eyEmF#3] Davy Jones: died from Pistol by Phill McraCKIN
[10:10:40 PM] [eyEmF#3] Davy Jones: died from Pistol by Phill McraCKIN
[10:12:27 PM] [eyEmF#3] Davy Jones: died from suicide (Falling)
[10:13:52 PM] [eyEmF#3] Davy Jones: died from Pistol by Phill McraCKIN
[10:14:06 PM] [eyEmF#3] Davy Jones: died from Pistol by Phill McraCKIN
[10:14:11 PM] [eyEmF#2] Phill McraCKIN: died from Special Carbine Mk2 by Davy Jones
[10:14:39 PM] [eyEmF#2] Phill McraCKIN: died from Pistol by Davy Jones
[10:19:26 PM] [eyEmF#3] Davy Jones: caused an explosion (PLANE)
[10:19:26 PM] [eyEmF#3] Davy Jones: caused an explosion (PLANE)
[10:19:26 PM] [eyEmF#2] Phill McraCKIN: died from suicide (Explosion)
[10:19:26 PM] [eyEmF#3] Davy Jones: died from suicide (Explosion)
[10:21:28 PM] [eyEmF#2] Phill McraCKIN: died from suicide (Falling)
[10:21:29 PM] [eyEmF#3] Davy Jones: caused an explosion (PLANE)
[10:21:29 PM] [eyEmF#3] Davy Jones: died from suicide (Falling)
[10:23:03 PM] [eyEmF#3] Davy Jones: caused an explosion (PLANE)
[10:23:03 PM] [eyEmF#3] Davy Jones: caused an explosion (PLANE)
[10:23:03 PM] [eyEmF#3] Davy Jones: died from suicide (Explosion)
[10:23:43 PM] [eyEmF#3] Davy Jones: caused an explosion (PLANE)
[10:23:43 PM] [eyEmF#3] Davy Jones: caused an explosion (PLANE)
[10:23:43 PM] [eyEmF#3] Davy Jones: died from suicide (Explosion)
[10:24:42 PM] [eyEmF#3] Davy Jones: caused an explosion (PLANE)
[10:24:42 PM] [eyEmF#3] Davy Jones: died from suicide (Explosion)
[10:24:58 PM] [eyEmF#3] Davy Jones: died from suicide (Fire)
[10:25:09 PM] [eyEmF#3] Davy Jones: caused an explosion (PLANE)
[10:25:09 PM] [eyEmF#2] Phill McraCKIN: caused an explosion (PLANE)
[10:25:09 PM] [eyEmF#3] Davy Jones: caused an explosion (PLANE)
[10:25:45 PM] [eyEmF#2] Phill McraCKIN: died from suicide (Falling)
[10:27:46 PM] [eyEmF#3] Davy Jones: said "/admion"
[10:29:01 PM] [eyEmF#3] Davy Jones: caused an explosion (PLANE)
[10:29:01 PM] [eyEmF#3] Davy Jones: died from suicide (Explosion)
[10:29:30 PM] [eyEmF#3] Davy Jones: caused an explosion (PLANE)
[10:29:30 PM] [eyEmF#3] Davy Jones: caused an explosion (PLANE)
[10:29:31 PM] [eyEmF#3] Davy Jones: caused an explosion (PLANE)
[10:29:31 PM] [eyEmF#3] Davy Jones: died from suicide (Explosion)
[10:29:51 PM] [eyEmF#2] Phill McraCKIN: disconnected (Exiting)
[10:31:40 PM] [eyEmF#3] Davy Jones: caused an explosion (PLANE)
[10:31:40 PM] [eyEmF#3] Davy Jones: caused an explosion (PLANE)
[10:31:40 PM] [eyEmF#3] Davy Jones: died from suicide (Explosion)
[10:32:21 PM] [eyEmF#3] Davy Jones: disconnected (Exiting)
[10:37:26 PM] [eyEmF#1] Moscovium: disconnected (Exiting)
[10:38:21 PM] [eyEmF#4] Moscovium: joined with identifiers [license:797ca6dae65d626cd567cfad5e6cedb41d9d26f9; discord:367950369961148416; fivem:2137848; license2:f4a4d1839926a28fb9ec246ff12a973fe8a50624]
[10:41:08 PM] [eyEmF#4] Moscovium: disconnected (Exiting)
[10:41:27 PM] [eyEmF#5] Moscovium: joined with identifiers [license:797ca6dae65d626cd567cfad5e6cedb41d9d26f9; discord:367950369961148416; fivem:2137848; license2:f4a4d1839926a28fb9ec246ff12a973fe8a50624]
[11:47:27 PM] [eyEmF#5] Moscovium: disconnected (You were kicked for being AFK)
[11:48:33 PM] txAdmin: Logger started
[11:48:44 PM] [C3GaD#1] Moscovium: joined with identifiers [license:797ca6dae65d626cd567cfad5e6cedb41d9d26f9; discord:367950369961148416; fivem:2137848; license2:f4a4d1839926a28fb9ec246ff12a973fe8a50624]
[11:49:48 PM] [C3GaD#1] Moscovium: disconnected ([txAdmin] Server restarting (requested by Tyler_Davis).)
[11:50:06 PM] txAdmin: Logger started
[11:51:16 PM] [Ttetn#1] Moscovium: joined with identifiers [license:797ca6dae65d626cd567cfad5e6cedb41d9d26f9; discord:367950369961148416; fivem:2137848; license2:f4a4d1839926a28fb9ec246ff12a973fe8a50624]
