
================================================================
======== Log Rotated - 9/30/2023, 12:00:00 AM                   
================================================================
[12:06:06 AM] [eeVmB#1] Moscovium: disconnected ([txAdmin] Server restarting (requested by Tyler_Davis).)
[12:06:06 AM] [eeVmB#2] PVRRISH: disconnected ([txAdmin] Server restarting (requested by Tyler_Davis).)
[12:06:25 AM] txAdmin: Logger started
[12:06:47 AM] [rkLN9#1] Moscovium: joined with identifiers [license:797ca6dae65d626cd567cfad5e6cedb41d9d26f9; discord:367950369961148416; fivem:2137848; license2:f4a4d1839926a28fb9ec246ff12a973fe8a50624]
[12:07:05 AM] [rkLN9#2] PVRRISH: joined with identifiers [license:f7916e707111ec6730451bf91d72221117815f29; discord:168872526628388864; fivem:2539654; license2:f7916e707111ec6730451bf91d72221117815f29]
[12:20:19 AM] [rkLN9#2] PVRRISH: disconnected (Disconnected.)
[12:21:17 AM] [rkLN9#3] PVRRISH: joined with identifiers [license:f7916e707111ec6730451bf91d72221117815f29; discord:168872526628388864; fivem:2539654; license2:f7916e707111ec6730451bf91d72221117815f29]
[12:21:38 AM] [rkLN9#1] Moscovium: disconnected ([txAdmin] Server restarting (requested by Tyler_Davis).)
[12:21:38 AM] [rkLN9#3] PVRRISH: disconnected ([txAdmin] Server restarting (requested by Tyler_Davis).)
[12:21:57 AM] txAdmin: Logger started
[12:22:18 AM] txAdmin: Logger started
[12:22:41 AM] [cUPeA#1] Moscovium: joined with identifiers [license:797ca6dae65d626cd567cfad5e6cedb41d9d26f9; discord:367950369961148416; fivem:2137848; license2:f4a4d1839926a28fb9ec246ff12a973fe8a50624]
[12:22:45 AM] [cUPeA#2] PVRRISH: joined with identifiers [license:f7916e707111ec6730451bf91d72221117815f29; discord:168872526628388864; fivem:2539654; license2:f7916e707111ec6730451bf91d72221117815f29]
[1:14:51 AM] [cUPeA#2] PVRRISH: said "/GIVEITEM_DRILL 1"
[1:16:40 AM] [cUPeA#3] Drifty: joined with identifiers [license:1349382dc0e56733dd89f13c7068b1b25c144088; xbl:2535437245104482; live:1899947327176686; discord:288877576850636800; license2:a646d5514be679502820a4bbd3d6aeb078c699bd]
[1:18:44 AM] [cUPeA#2] PVRRISH: said "/RAGDOLL"
[1:24:23 AM] [cUPeA#1] Moscovium: disconnected ([txAdmin] Server restarting (requested by Tyler_Davis).)
[1:24:23 AM] [cUPeA#2] PVRRISH: disconnected ([txAdmin] Server restarting (requested by Tyler_Davis).)
[1:24:23 AM] [cUPeA#3] Drifty: disconnected ([txAdmin] Server restarting (requested by Tyler_Davis).)
[1:24:41 AM] txAdmin: Logger started
[1:25:09 AM] [Nk6zD#1] Moscovium: joined with identifiers [license:797ca6dae65d626cd567cfad5e6cedb41d9d26f9; discord:367950369961148416; fivem:2137848; license2:f4a4d1839926a28fb9ec246ff12a973fe8a50624]
[1:25:20 AM] [Nk6zD#2] PVRRISH: joined with identifiers [license:f7916e707111ec6730451bf91d72221117815f29; discord:168872526628388864; fivem:2539654; license2:f7916e707111ec6730451bf91d72221117815f29]
[1:25:50 AM] [Nk6zD#3] Drifty: joined with identifiers [license:1349382dc0e56733dd89f13c7068b1b25c144088; xbl:2535437245104482; live:1899947327176686; discord:288877576850636800; license2:a646d5514be679502820a4bbd3d6aeb078c699bd]
[1:31:50 AM] [Nk6zD#1] Moscovium: died from suicide (Falling)
[1:54:19 AM] [Nk6zD#2] PVRRISH: died from suicide (Falling)
[2:18:00 AM] [Nk6zD#2] PVRRISH: disconnected (Disconnected.)
[2:19:35 AM] [Nk6zD#1] Moscovium: disconnected (Exiting)
[2:19:41 AM] [Nk6zD#3] Drifty: disconnected (Exiting)
[3:31:31 AM] txAdmin: Logger started
[8:55:08 AM] txAdmin: Logger started
[10:12:17 AM] [3MWP6#1] PVRRISH: joined with identifiers [license:f7916e707111ec6730451bf91d72221117815f29; discord:168872526628388864; fivem:2539654; license2:f7916e707111ec6730451bf91d72221117815f29]
[10:18:25 AM] [3MWP6#1] PVRRISH: disconnected (Disconnected.)
[10:20:06 AM] [3MWP6#2] PVRRISH: joined with identifiers [license:f7916e707111ec6730451bf91d72221117815f29; discord:168872526628388864; fivem:2539654; license2:f7916e707111ec6730451bf91d72221117815f29]
[10:23:45 AM] [3MWP6#2] PVRRISH: disconnected (Disconnected.)
[10:50:55 AM] [3MWP6#3] Moscovium: joined with identifiers [license:797ca6dae65d626cd567cfad5e6cedb41d9d26f9; discord:367950369961148416; fivem:2137848; license2:f4a4d1839926a28fb9ec246ff12a973fe8a50624]
[10:54:07 AM] [3MWP6#4] PVRRISH: joined with identifiers [license:f7916e707111ec6730451bf91d72221117815f29; discord:168872526628388864; fivem:2539654; license2:f7916e707111ec6730451bf91d72221117815f29]
[11:07:57 AM] [3MWP6#4] PVRRISH: caused an explosion (STICKYBOMB)
[11:07:57 AM] [3MWP6#4] PVRRISH: caused an explosion (CAR)
[11:07:57 AM] [3MWP6#4] PVRRISH: caused an explosion (TRUCK)
[11:08:05 AM] [3MWP6#4] PVRRISH: caused an explosion (CAR)
[11:10:58 AM] [3MWP6#4] PVRRISH: said "/jobset police2"
[11:11:08 AM] [3MWP6#3] Moscovium: died from Machete by PVRRISH
[11:11:30 AM] [3MWP6#4] PVRRISH: died from suicide (Falling)
[11:13:12 AM] [3MWP6#4] PVRRISH: disconnected (Disconnected.)
[11:21:35 AM] [3MWP6#3] Moscovium: disconnected ([txAdmin] Server restarting (requested by Tyler_Davis).)
[11:22:55 AM] txAdmin: Logger started
[11:23:05 AM] [WinaY#1] Moscovium: joined with identifiers [license:797ca6dae65d626cd567cfad5e6cedb41d9d26f9; discord:367950369961148416; fivem:2137848; license2:f4a4d1839926a28fb9ec246ff12a973fe8a50624]
[11:32:49 AM] [WinaY#1] Moscovium: disconnected ([txAdmin] Server restarting (requested by Tyler_Davis).)
[11:33:07 AM] txAdmin: Logger started
[11:33:41 AM] [AQePR#1] Moscovium: joined with identifiers [license:797ca6dae65d626cd567cfad5e6cedb41d9d26f9; discord:367950369961148416; fivem:2137848; license2:f4a4d1839926a28fb9ec246ff12a973fe8a50624]
[11:35:45 AM] [AQePR#1] Moscovium: disconnected (Exiting)
[11:39:53 AM] txAdmin: Logger started
[11:40:28 AM] [fiFUA#1] Moscovium: joined with identifiers [license:797ca6dae65d626cd567cfad5e6cedb41d9d26f9; discord:367950369961148416; fivem:2137848; license2:f4a4d1839926a28fb9ec246ff12a973fe8a50624]
[11:42:00 AM] [fiFUA#1] Moscovium: disconnected ([txAdmin] Server restarting (requested by Tyler_Davis).)
[11:42:18 AM] txAdmin: Logger started
[11:42:41 AM] [aFtkc#1] Moscovium: joined with identifiers [license:797ca6dae65d626cd567cfad5e6cedb41d9d26f9; discord:367950369961148416; fivem:2137848; license2:f4a4d1839926a28fb9ec246ff12a973fe8a50624]
[11:44:41 AM] [aFtkc#1] Moscovium: disconnected (Exiting)
[11:47:45 AM] txAdmin: Logger started
[11:48:10 AM] [DcqeH#1] Moscovium: joined with identifiers [license:797ca6dae65d626cd567cfad5e6cedb41d9d26f9; discord:367950369961148416; fivem:2137848; license2:f4a4d1839926a28fb9ec246ff12a973fe8a50624]
[11:51:23 AM] [DcqeH#1] Moscovium: disconnected ([txAdmin] Server restarting (requested by Tyler_Davis).)
[11:51:41 AM] txAdmin: Logger started
[11:52:04 AM] [6Wkyi#1] Moscovium: joined with identifiers [license:797ca6dae65d626cd567cfad5e6cedb41d9d26f9; discord:367950369961148416; fivem:2137848; license2:f4a4d1839926a28fb9ec246ff12a973fe8a50624]
[11:52:29 AM] [6Wkyi#2] PVRRISH: joined with identifiers [license:f7916e707111ec6730451bf91d72221117815f29; discord:168872526628388864; fivem:2539654; license2:f7916e707111ec6730451bf91d72221117815f29]
[12:02:28 PM] [6Wkyi#1] Moscovium: disconnected (Disconnected.)
[12:03:03 PM] [6Wkyi#2] PVRRISH: disconnected (Disconnected.)
[12:03:05 PM] [6Wkyi#3] Moscovium: joined with identifiers [license:797ca6dae65d626cd567cfad5e6cedb41d9d26f9; discord:367950369961148416; fivem:2137848; license2:f4a4d1839926a28fb9ec246ff12a973fe8a50624]
[12:10:27 PM] [6Wkyi#3] Moscovium: disconnected ([txAdmin] Server restarting (requested by Tyler_Davis).)
[12:10:45 PM] txAdmin: Logger started
[12:11:09 PM] [9XcJE#1] Moscovium: joined with identifiers [license:797ca6dae65d626cd567cfad5e6cedb41d9d26f9; discord:367950369961148416; fivem:2137848; license2:f4a4d1839926a28fb9ec246ff12a973fe8a50624]
[12:12:30 PM] [9XcJE#1] Moscovium: disconnected (Exiting)
[12:26:07 PM] txAdmin: Logger started
[12:27:40 PM] [M68iT#1] Moscovium: joined with identifiers [license:797ca6dae65d626cd567cfad5e6cedb41d9d26f9; discord:367950369961148416; fivem:2137848; license2:f4a4d1839926a28fb9ec246ff12a973fe8a50624]
[12:59:53 PM] [M68iT#1] Moscovium: disconnected (Exiting)
[1:08:09 PM] txAdmin: Logger started
[1:09:25 PM] [xb9pe#1] Moscovium: joined with identifiers [license:797ca6dae65d626cd567cfad5e6cedb41d9d26f9; discord:367950369961148416; fivem:2137848; license2:f4a4d1839926a28fb9ec246ff12a973fe8a50624]
[1:25:20 PM] [xb9pe#1] Moscovium: disconnected ([txAdmin] Server restarting (requested by Tyler_Davis).)
[1:25:38 PM] txAdmin: Logger started
[1:26:04 PM] [W3c6e#1] Moscovium: joined with identifiers [license:797ca6dae65d626cd567cfad5e6cedb41d9d26f9; discord:367950369961148416; fivem:2137848; license2:f4a4d1839926a28fb9ec246ff12a973fe8a50624]
[1:54:31 PM] [W3c6e#1] Moscovium: disconnected ([txAdmin] Server restarting (requested by Tyler_Davis).)
[1:54:49 PM] txAdmin: Logger started
[1:55:23 PM] txAdmin: Logger started
[1:59:05 PM] [pTP9d#1] Moscovium: joined with identifiers [license:797ca6dae65d626cd567cfad5e6cedb41d9d26f9; discord:367950369961148416; fivem:2137848; license2:f4a4d1839926a28fb9ec246ff12a973fe8a50624]
[2:12:25 PM] [pTP9d#1] Moscovium: disconnected (Exiting)
