
================================================================
======== txAdmin Starting - 9/25/2023, 5:00:31 PM               
================================================================

================================================================
======== txAdmin Starting - 9/25/2023, 5:51:40 PM               
================================================================

================================================================
======== txAdmin Starting - 9/25/2023, 5:54:19 PM               
================================================================

================================================================
======== txAdmin Starting - 9/25/2023, 5:55:09 PM               
================================================================
[5:55:17 PM] txAdmin: Logger started
[5:58:04 PM] [gEMae#1] Moscovium: joined with identifiers [license:797ca6dae65d626cd567cfad5e6cedb41d9d26f9; discord:367950369961148416; fivem:2137848; license2:f4a4d1839926a28fb9ec246ff12a973fe8a50624]
[6:10:11 PM] [gEMae#1] Moscovium: disconnected (Exiting)

================================================================
======== txAdmin Starting - 9/25/2023, 6:13:53 PM               
================================================================
[6:14:00 PM] txAdmin: Logger started

================================================================
======== txAdmin Starting - 9/25/2023, 6:37:20 PM               
================================================================
[6:38:02 PM] txAdmin: Logger started

================================================================
======== txAdmin Starting - 9/25/2023, 6:42:29 PM               
================================================================
[6:42:37 PM] txAdmin: Logger started
[6:43:24 PM] [GcL4W#1] Moscovium: joined with identifiers [license:797ca6dae65d626cd567cfad5e6cedb41d9d26f9; discord:367950369961148416; fivem:2137848; license2:f4a4d1839926a28fb9ec246ff12a973fe8a50624]
[7:11:58 PM] [GcL4W#2] PVRRISH: joined with identifiers [license:f7916e707111ec6730451bf91d72221117815f29; discord:168872526628388864; fivem:2539654; license2:f7916e707111ec6730451bf91d72221117815f29]
[7:32:18 PM] [GcL4W#2] PVRRISH: said "/c"
[7:32:27 PM] [GcL4W#2] PVRRISH: said "/ec"
[7:32:32 PM] [GcL4W#2] PVRRISH: said "/ec"
[7:37:37 PM] [GcL4W#1] Moscovium: disconnected ([txAdmin] Server restarting (requested by Tyler_Davis).)
[7:37:37 PM] [GcL4W#2] PVRRISH: disconnected ([txAdmin] Server restarting (requested by Tyler_Davis).)
[7:38:33 PM] txAdmin: Logger started
[7:39:19 PM] [MxidQ#1] Moscovium: joined with identifiers [license:797ca6dae65d626cd567cfad5e6cedb41d9d26f9; discord:367950369961148416; fivem:2137848; license2:f4a4d1839926a28fb9ec246ff12a973fe8a50624]
[7:39:36 PM] [MxidQ#2] PVRRISH: joined with identifiers [license:f7916e707111ec6730451bf91d72221117815f29; discord:168872526628388864; fivem:2539654; license2:f7916e707111ec6730451bf91d72221117815f29]
[7:41:43 PM] [MxidQ#1] Moscovium: said "/carry"
[8:00:50 PM] [MxidQ#1] Moscovium: said "/give 2 gsrtest 1"
[8:02:05 PM] [MxidQ#2] PVRRISH: said "/mdt"
[8:17:40 PM] [MxidQ#1] Moscovium: disconnected (Exiting)
[8:18:32 PM] [MxidQ#2] PVRRISH: disconnected ([txAdmin] Server restarting (requested by Tyler_Davis).)
[8:18:45 PM] txAdmin: Logger started
[8:20:06 PM] [7FCmi#1] Moscovium: joined with identifiers [license:797ca6dae65d626cd567cfad5e6cedb41d9d26f9; discord:367950369961148416; fivem:2137848; license2:f4a4d1839926a28fb9ec246ff12a973fe8a50624]
[8:22:14 PM] [7FCmi#2] PVRRISH: joined with identifiers [license:f7916e707111ec6730451bf91d72221117815f29; discord:168872526628388864; fivem:2539654; license2:f7916e707111ec6730451bf91d72221117815f29]
[8:26:49 PM] [7FCmi#1] Moscovium: died from suicide (Falling)
[8:48:53 PM] [7FCmi#2] PVRRISH: said "//nui restart"
[8:59:26 PM] [7FCmi#2] PVRRISH: said "/search"
[9:02:41 PM] [7FCmi#1] Moscovium: died from suicide (Falling)
[9:11:52 PM] [7FCmi#2] PVRRISH: disconnected (Attempted exploit abuse)
[9:12:46 PM] [7FCmi#3] PVRRISH: joined with identifiers [license:f7916e707111ec6730451bf91d72221117815f29; discord:168872526628388864; fivem:2539654; license2:f7916e707111ec6730451bf91d72221117815f29]
[9:14:06 PM] [7FCmi#3] PVRRISH: disconnected (Attempted exploit abuse)
[9:15:28 PM] [7FCmi#4] PVRRISH: joined with identifiers [license:f7916e707111ec6730451bf91d72221117815f29; discord:168872526628388864; fivem:2539654; license2:f7916e707111ec6730451bf91d72221117815f29]
[9:22:22 PM] [7FCmi#4] PVRRISH: said "givekeys"
[9:26:24 PM] [7FCmi#4] PVRRISH: died from suicide (Falling)
[9:26:25 PM] [7FCmi#1] Moscovium: died from suicide (Falling)
[9:46:19 PM] [7FCmi#4] PVRRISH: said "/mdt"
[9:47:20 PM] [7FCmi#4] PVRRISH: disconnected ([txAdmin] Server restarting (requested by Tyler_Davis).)
[9:47:20 PM] [7FCmi#1] Moscovium: disconnected ([txAdmin] Server restarting (requested by Tyler_Davis).)
[9:47:35 PM] txAdmin: Logger started
[9:48:50 PM] [aehnq#1] Moscovium: joined with identifiers [license:797ca6dae65d626cd567cfad5e6cedb41d9d26f9; discord:367950369961148416; fivem:2137848; license2:f4a4d1839926a28fb9ec246ff12a973fe8a50624]
[9:48:59 PM] [aehnq#2] PVRRISH: joined with identifiers [license:f7916e707111ec6730451bf91d72221117815f29; discord:168872526628388864; fivem:2539654; license2:f7916e707111ec6730451bf91d72221117815f29]
[9:52:35 PM] [aehnq#2] PVRRISH: disconnected (Server->client connection timed out. Last seen 59892 msec ago.)
[9:55:02 PM] [aehnq#3] PVRRISH: joined with identifiers [license:f7916e707111ec6730451bf91d72221117815f29; discord:168872526628388864; fivem:2539654; license2:f7916e707111ec6730451bf91d72221117815f29]
[10:00:40 PM] [aehnq#1] Moscovium: disconnected ([txAdmin] Server restarting (requested by Tyler_Davis).)
[10:00:40 PM] [aehnq#3] PVRRISH: disconnected ([txAdmin] Server restarting (requested by Tyler_Davis).)
[10:00:55 PM] txAdmin: Logger started
[10:01:27 PM] [GbayN#1] Moscovium: joined with identifiers [license:797ca6dae65d626cd567cfad5e6cedb41d9d26f9; discord:367950369961148416; fivem:2137848; license2:f4a4d1839926a28fb9ec246ff12a973fe8a50624]
[10:01:37 PM] [GbayN#2] PVRRISH: joined with identifiers [license:f7916e707111ec6730451bf91d72221117815f29; discord:168872526628388864; fivem:2539654; license2:f7916e707111ec6730451bf91d72221117815f29]
[10:05:39 PM] [GbayN#1] Moscovium: disconnected ([txAdmin] Server restarting (requested by Tyler_Davis).)
[10:05:39 PM] [GbayN#2] PVRRISH: disconnected ([txAdmin] Server restarting (requested by Tyler_Davis).)
[10:05:53 PM] txAdmin: Logger started
[10:06:19 PM] [FtmrQ#1] Moscovium: joined with identifiers [license:797ca6dae65d626cd567cfad5e6cedb41d9d26f9; discord:367950369961148416; fivem:2137848; license2:f4a4d1839926a28fb9ec246ff12a973fe8a50624]
[10:08:30 PM] [FtmrQ#1] Moscovium: disconnected ([txAdmin] Server restarting (requested by Tyler_Davis).)
[10:08:44 PM] txAdmin: Logger started
[10:09:11 PM] [kz8zY#1] Moscovium: joined with identifiers [license:797ca6dae65d626cd567cfad5e6cedb41d9d26f9; discord:367950369961148416; fivem:2137848; license2:f4a4d1839926a28fb9ec246ff12a973fe8a50624]
[10:09:16 PM] [kz8zY#2] PVRRISH: joined with identifiers [license:f7916e707111ec6730451bf91d72221117815f29; discord:168872526628388864; fivem:2539654; license2:f7916e707111ec6730451bf91d72221117815f29]
[10:26:54 PM] [kz8zY#1] Moscovium: disconnected ([txAdmin] Server restarting (requested by Tyler_Davis).)
[10:26:54 PM] [kz8zY#2] PVRRISH: disconnected ([txAdmin] Server restarting (requested by Tyler_Davis).)
[10:27:09 PM] txAdmin: Logger started
[10:28:25 PM] [rw6ty#1] PVRRISH: joined with identifiers [license:f7916e707111ec6730451bf91d72221117815f29; discord:168872526628388864; fivem:2539654; license2:f7916e707111ec6730451bf91d72221117815f29]
[10:30:10 PM] [rw6ty#1] PVRRISH: disconnected ([txAdmin] Server restarting (requested by Tyler_Davis).)
[10:30:24 PM] txAdmin: Logger started
[10:30:50 PM] [arrKL#1] Moscovium: joined with identifiers [license:797ca6dae65d626cd567cfad5e6cedb41d9d26f9; discord:367950369961148416; fivem:2137848; license2:f4a4d1839926a28fb9ec246ff12a973fe8a50624]
[10:31:43 PM] [arrKL#2] PVRRISH: joined with identifiers [license:f7916e707111ec6730451bf91d72221117815f29; discord:168872526628388864; fivem:2539654; license2:f7916e707111ec6730451bf91d72221117815f29]
[10:38:55 PM] [arrKL#2] PVRRISH: died from suicide (Falling)
[10:47:13 PM] [arrKL#1] Moscovium: disconnected ([txAdmin] Server restarting (requested by Tyler_Davis).)
[10:47:13 PM] [arrKL#2] PVRRISH: disconnected ([txAdmin] Server restarting (requested by Tyler_Davis).)
[10:47:27 PM] txAdmin: Logger started
[10:47:53 PM] [LNrWK#1] Moscovium: joined with identifiers [license:797ca6dae65d626cd567cfad5e6cedb41d9d26f9; discord:367950369961148416; fivem:2137848; license2:f4a4d1839926a28fb9ec246ff12a973fe8a50624]
[10:49:26 PM] [LNrWK#2] PVRRISH: joined with identifiers [license:f7916e707111ec6730451bf91d72221117815f29; discord:168872526628388864; fivem:2539654; license2:f7916e707111ec6730451bf91d72221117815f29]
[11:09:57 PM] [LNrWK#2] PVRRISH: died from suicide (Falling)
[11:33:37 PM] [LNrWK#1] Moscovium: died from suicide (Falling)
[11:57:26 PM] [LNrWK#2] PVRRISH: said "/dance"
