
================================================================
======== Log Rotated - 9/29/2023, 12:00:00 AM                   
================================================================
[12:03:50 AM] [Ttetn#1] Moscovium: disconnected ([txAdmin] Server restarting (requested by Tyler_Davis).)
[12:04:08 AM] txAdmin: Logger started
[12:04:31 AM] [pyzRi#1] Moscovium: joined with identifiers [license:797ca6dae65d626cd567cfad5e6cedb41d9d26f9; discord:367950369961148416; fivem:2137848; license2:f4a4d1839926a28fb9ec246ff12a973fe8a50624]
[12:16:25 AM] [pyzRi#1] Moscovium: died from suicide (Falling)
[12:27:35 AM] [pyzRi#1] Moscovium: disconnected ([txAdmin] Server restarting (requested by Tyler_Davis).)
[12:27:54 AM] txAdmin: Logger started
[12:29:07 AM] [LteJD#1] Moscovium: joined with identifiers [license:797ca6dae65d626cd567cfad5e6cedb41d9d26f9; discord:367950369961148416; fivem:2137848; license2:f4a4d1839926a28fb9ec246ff12a973fe8a50624]
[12:38:26 AM] [LteJD#1] Moscovium: disconnected ([txAdmin] Server restarting (requested by Tyler_Davis).)
[12:39:45 AM] txAdmin: Logger started
[12:39:53 AM] [pbfhd#1] Moscovium: joined with identifiers [license:797ca6dae65d626cd567cfad5e6cedb41d9d26f9; discord:367950369961148416; fivem:2137848; license2:f4a4d1839926a28fb9ec246ff12a973fe8a50624]
[12:47:06 AM] [pbfhd#1] Moscovium: disconnected ([txAdmin] Server restarting (requested by Tyler_Davis).)
[12:47:24 AM] txAdmin: Logger started
[12:48:08 AM] [3zkmP#1] Moscovium: joined with identifiers [license:797ca6dae65d626cd567cfad5e6cedb41d9d26f9; discord:367950369961148416; fivem:2137848; license2:f4a4d1839926a28fb9ec246ff12a973fe8a50624]
[1:05:30 AM] [3zkmP#1] Moscovium: disconnected (Exiting)
[7:56:55 AM] txAdmin: Logger started
[8:30:32 AM] txAdmin: Logger started
[4:09:56 PM] [GjAiW#1] Moscovium: joined with identifiers [license:797ca6dae65d626cd567cfad5e6cedb41d9d26f9; discord:367950369961148416; fivem:2137848; license2:f4a4d1839926a28fb9ec246ff12a973fe8a50624]
[4:14:44 PM] [GjAiW#2] PVRRISH: joined with identifiers [license:f7916e707111ec6730451bf91d72221117815f29; discord:168872526628388864; fivem:2539654; license2:f7916e707111ec6730451bf91d72221117815f29]
[4:16:36 PM] [GjAiW#2] PVRRISH: said "/addmin"
[4:17:46 PM] [GjAiW#2] PVRRISH: said "/addmin"
[4:18:05 PM] [GjAiW#2] PVRRISH: said "/addmin"
[4:18:23 PM] [GjAiW#2] PVRRISH: said "/addmin"
[4:18:43 PM] [GjAiW#2] PVRRISH: said "/addmin"
[4:19:29 PM] [GjAiW#2] PVRRISH: said "/addmin"
[4:20:04 PM] [GjAiW#2] PVRRISH: said "/addmin"
[4:21:51 PM] [GjAiW#1] Moscovium: disconnected ([txAdmin] Server restarting (requested by Tyler_Davis).)
[4:21:51 PM] [GjAiW#2] PVRRISH: disconnected ([txAdmin] Server restarting (requested by Tyler_Davis).)
[4:22:10 PM] txAdmin: Logger started
[4:22:32 PM] [QKrTd#1] Moscovium: joined with identifiers [license:797ca6dae65d626cd567cfad5e6cedb41d9d26f9; discord:367950369961148416; fivem:2137848; license2:f4a4d1839926a28fb9ec246ff12a973fe8a50624]
[4:22:42 PM] [QKrTd#2] PVRRISH: joined with identifiers [license:f7916e707111ec6730451bf91d72221117815f29; discord:168872526628388864; fivem:2539654; license2:f7916e707111ec6730451bf91d72221117815f29]
[4:28:24 PM] [QKrTd#2] PVRRISH: disconnected (Disconnected.)
[4:29:35 PM] [QKrTd#3] PVRRISH: joined with identifiers [license:f7916e707111ec6730451bf91d72221117815f29; discord:168872526628388864; fivem:2539654; license2:f7916e707111ec6730451bf91d72221117815f29]
[4:33:17 PM] [QKrTd#3] PVRRISH: said "/addmin"
[4:39:31 PM] [QKrTd#1] Moscovium: said "tp -570.56, 322.4, 83.49"
[5:14:18 PM] [QKrTd#1] Moscovium: died from suicide (Falling)
[5:25:55 PM] [QKrTd#3] PVRRISH: disconnected (You were kicked for being AFK)
[5:56:11 PM] [QKrTd#1] Moscovium: disconnected (You were kicked for being AFK)
[6:51:26 PM] [QKrTd#4] Moscovium: joined with identifiers [license:797ca6dae65d626cd567cfad5e6cedb41d9d26f9; discord:367950369961148416; fivem:2137848; license2:f4a4d1839926a28fb9ec246ff12a973fe8a50624]
[6:51:37 PM] [QKrTd#4] Moscovium: disconnected (Exiting)
[6:52:11 PM] [QKrTd#5] Moscovium: joined with identifiers [license:797ca6dae65d626cd567cfad5e6cedb41d9d26f9; discord:367950369961148416; fivem:2137848; license2:f4a4d1839926a28fb9ec246ff12a973fe8a50624]
[7:02:28 PM] [QKrTd#5] Moscovium: said " /car adder"
[7:04:51 PM] [QKrTd#6] PVRRISH: joined with identifiers [license:f7916e707111ec6730451bf91d72221117815f29; discord:168872526628388864; fivem:2539654; license2:f7916e707111ec6730451bf91d72221117815f29]
[7:17:06 PM] [QKrTd#6] PVRRISH: said "//quit"
[7:17:07 PM] [QKrTd#6] PVRRISH: disconnected (Exiting)
[7:18:11 PM] [QKrTd#7] PVRRISH: joined with identifiers [license:f7916e707111ec6730451bf91d72221117815f29; discord:168872526628388864; fivem:2539654; license2:f7916e707111ec6730451bf91d72221117815f29]
[7:28:14 PM] [QKrTd#7] PVRRISH: said "/addmin"
[7:32:46 PM] [QKrTd#5] Moscovium: died from suicide (Falling)
[7:33:37 PM] [QKrTd#5] Moscovium: disconnected (Exiting)
[7:36:25 PM] [QKrTd#7] PVRRISH: said "//giveitem 7 pistol_ammo 10"
[7:36:42 PM] [QKrTd#7] PVRRISH: said "//giveitem 7 pistol_ammo 10"
[7:37:10 PM] [QKrTd#7] PVRRISH: said "t"
[7:38:28 PM] [QKrTd#7] PVRRISH: died from suicide (Falling)
[7:39:03 PM] [QKrTd#7] PVRRISH: died from suicide (Falling)
[7:41:40 PM] [QKrTd#7] PVRRISH: said "/carry"
[7:44:18 PM] [QKrTd#7] PVRRISH: said "//giveitem 7 pistol_ammo 10"
[7:48:21 PM] [QKrTd#7] PVRRISH: said "/give 7 pistol -ammo 10"
[7:49:10 PM] [QKrTd#7] PVRRISH: disconnected ([txAdmin] Server restarting (requested by Tyler_Davis).)
[7:49:32 PM] txAdmin: Logger started
[7:49:54 PM] [xxfCR#1] Moscovium: joined with identifiers [license:797ca6dae65d626cd567cfad5e6cedb41d9d26f9; discord:367950369961148416; fivem:2137848; license2:f4a4d1839926a28fb9ec246ff12a973fe8a50624]
[7:50:09 PM] [xxfCR#2] PVRRISH: joined with identifiers [license:f7916e707111ec6730451bf91d72221117815f29; discord:168872526628388864; fivem:2539654; license2:f7916e707111ec6730451bf91d72221117815f29]
[7:53:00 PM] [xxfCR#1] Moscovium: died from suicide (Falling)
[7:59:08 PM] [xxfCR#2] PVRRISH: died from Fist by Moscovium
[8:03:44 PM] [xxfCR#2] PVRRISH: said "/handcuffs"
[8:05:12 PM] [xxfCR#2] PVRRISH: said "/id7"
[8:13:58 PM] [xxfCR#1] Moscovium: disconnected (Disconnected.)
[8:14:35 PM] [xxfCR#3] Moscovium: joined with identifiers [license:797ca6dae65d626cd567cfad5e6cedb41d9d26f9; discord:367950369961148416; fivem:2137848; license2:f4a4d1839926a28fb9ec246ff12a973fe8a50624]
[8:15:39 PM] [xxfCR#2] PVRRISH: disconnected ([txAdmin] Server restarting (requested by Tyler_Davis).)
[8:15:39 PM] [xxfCR#3] Moscovium: disconnected ([txAdmin] Server restarting (requested by Tyler_Davis).)
[8:15:56 PM] txAdmin: Logger started
[8:16:19 PM] [GHkFk#1] Moscovium: joined with identifiers [license:797ca6dae65d626cd567cfad5e6cedb41d9d26f9; discord:367950369961148416; fivem:2137848; license2:f4a4d1839926a28fb9ec246ff12a973fe8a50624]
[8:16:33 PM] [GHkFk#2] PVRRISH: joined with identifiers [license:f7916e707111ec6730451bf91d72221117815f29; discord:168872526628388864; fivem:2539654; license2:f7916e707111ec6730451bf91d72221117815f29]
[8:31:11 PM] [GHkFk#2] PVRRISH: disconnected (Disconnected.)
[8:32:07 PM] [GHkFk#3] PVRRISH: joined with identifiers [license:f7916e707111ec6730451bf91d72221117815f29; discord:168872526628388864; fivem:2539654; license2:f7916e707111ec6730451bf91d72221117815f29]
[8:40:19 PM] [GHkFk#1] Moscovium: disconnected ([txAdmin] Server restarting (requested by Tyler_Davis).)
[8:40:19 PM] [GHkFk#3] PVRRISH: disconnected ([txAdmin] Server restarting (requested by Tyler_Davis).)
[8:41:49 PM] txAdmin: Logger started
[8:42:54 PM] [XkPxd#1] PVRRISH: joined with identifiers [license:f7916e707111ec6730451bf91d72221117815f29; discord:168872526628388864; fivem:2539654; license2:f7916e707111ec6730451bf91d72221117815f29]
[8:43:33 PM] [XkPxd#2] Moscovium: joined with identifiers [license:797ca6dae65d626cd567cfad5e6cedb41d9d26f9; discord:367950369961148416; fivem:2137848; license2:f4a4d1839926a28fb9ec246ff12a973fe8a50624]
[8:55:35 PM] [XkPxd#2] Moscovium: said "/uncuff"
[9:01:37 PM] [XkPxd#1] PVRRISH: said "/giveitem1_c4 10"
[9:03:56 PM] [XkPxd#2] Moscovium: disconnected ([txAdmin] Server restarting (requested by Tyler_Davis).)
[9:03:56 PM] [XkPxd#1] PVRRISH: disconnected ([txAdmin] Server restarting (requested by Tyler_Davis).)
[9:04:14 PM] txAdmin: Logger started
[9:04:39 PM] [49gRp#1] Moscovium: joined with identifiers [license:797ca6dae65d626cd567cfad5e6cedb41d9d26f9; discord:367950369961148416; fivem:2137848; license2:f4a4d1839926a28fb9ec246ff12a973fe8a50624]
[9:05:10 PM] [49gRp#2] PVRRISH: joined with identifiers [license:f7916e707111ec6730451bf91d72221117815f29; discord:168872526628388864; fivem:2539654; license2:f7916e707111ec6730451bf91d72221117815f29]
[9:10:01 PM] [49gRp#2] PVRRISH: said "/police 1 2"
[9:13:53 PM] [49gRp#2] PVRRISH: said "tmp"
[9:14:00 PM] [49gRp#2] PVRRISH: said "/tmp"
[9:14:09 PM] [49gRp#2] PVRRISH: said "tpm"
[9:17:03 PM] [49gRp#2] PVRRISH: disconnected ([txAdmin] Server restarting (requested by Tyler_Davis).)
[9:17:03 PM] [49gRp#1] Moscovium: disconnected ([txAdmin] Server restarting (requested by Tyler_Davis).)
[9:17:22 PM] txAdmin: Logger started
[9:17:54 PM] [dnzQV#1] Moscovium: joined with identifiers [license:797ca6dae65d626cd567cfad5e6cedb41d9d26f9; discord:367950369961148416; fivem:2137848; license2:f4a4d1839926a28fb9ec246ff12a973fe8a50624]
[9:18:01 PM] [dnzQV#2] PVRRISH: joined with identifiers [license:f7916e707111ec6730451bf91d72221117815f29; discord:168872526628388864; fivem:2539654; license2:f7916e707111ec6730451bf91d72221117815f29]
[9:25:29 PM] [dnzQV#2] PVRRISH: caused an explosion (STICKYBOMB)
[9:25:29 PM] [dnzQV#2] PVRRISH: died from suicide (Sticky Bomb)
[9:26:31 PM] [dnzQV#1] Moscovium: said "/TriggerServerEvent('qb-bankrobbery:server:SetPaletoOfficeHacked', 1)"
[9:41:01 PM] [dnzQV#2] PVRRISH: said "t"
[9:45:55 PM] [dnzQV#2] PVRRISH: said "/carry"
[9:54:45 PM] [dnzQV#1] Moscovium: died from suicide
[9:54:48 PM] [dnzQV#1] Moscovium: died from suicide
[9:58:44 PM] [dnzQV#2] PVRRISH: said "admin"
[10:06:57 PM] [dnzQV#2] PVRRISH: said "admin"
[10:20:34 PM] [dnzQV#2] PVRRISH: said "/GIVEITEM_C4 10"
[10:25:49 PM] [dnzQV#1] Moscovium: disconnected ([txAdmin] Server restarting (requested by Tyler_Davis).)
[10:25:49 PM] [dnzQV#2] PVRRISH: disconnected ([txAdmin] Server restarting (requested by Tyler_Davis).)
[10:26:21 PM] txAdmin: Logger started
[10:26:30 PM] [wib6w#1] Moscovium: joined with identifiers [license:797ca6dae65d626cd567cfad5e6cedb41d9d26f9; discord:367950369961148416; fivem:2137848; license2:f4a4d1839926a28fb9ec246ff12a973fe8a50624]
[10:26:52 PM] [wib6w#2] PVRRISH: joined with identifiers [license:f7916e707111ec6730451bf91d72221117815f29; discord:168872526628388864; fivem:2539654; license2:f7916e707111ec6730451bf91d72221117815f29]
[10:28:36 PM] [wib6w#1] Moscovium: disconnected (Disconnected.)
[10:29:24 PM] [wib6w#2] PVRRISH: disconnected ([txAdmin] Server restarting (requested by Tyler_Davis).)
[10:29:41 PM] txAdmin: Logger started
[10:30:22 PM] [fM9Yz#1] PVRRISH: joined with identifiers [license:f7916e707111ec6730451bf91d72221117815f29; discord:168872526628388864; fivem:2539654; license2:f7916e707111ec6730451bf91d72221117815f29]
[10:30:22 PM] [fM9Yz#2] Moscovium: joined with identifiers [license:797ca6dae65d626cd567cfad5e6cedb41d9d26f9; discord:367950369961148416; fivem:2137848; license2:f4a4d1839926a28fb9ec246ff12a973fe8a50624]
[10:30:49 PM] [fM9Yz#1] PVRRISH: disconnected (Game crashed: GTA5_b2802.exe!sub_141401C74 (0x37))
[10:31:38 PM] [fM9Yz#3] PVRRISH: joined with identifiers [license:f7916e707111ec6730451bf91d72221117815f29; discord:168872526628388864; fivem:2539654; license2:f7916e707111ec6730451bf91d72221117815f29]
[10:34:55 PM] [fM9Yz#3] PVRRISH: said "ID"
[10:41:04 PM] [fM9Yz#3] PVRRISH: died from suicide (Falling)
[11:05:52 PM] [fM9Yz#2] Moscovium: disconnected (You were kicked for being AFK)
[11:09:21 PM] [fM9Yz#3] PVRRISH: disconnected (Disconnected.)
[11:17:58 PM] txAdmin: Logger started
[11:18:22 PM] [eeVmB#1] Moscovium: joined with identifiers [license:797ca6dae65d626cd567cfad5e6cedb41d9d26f9; discord:367950369961148416; fivem:2137848; license2:f4a4d1839926a28fb9ec246ff12a973fe8a50624]
[11:19:20 PM] [eeVmB#2] PVRRISH: joined with identifiers [license:f7916e707111ec6730451bf91d72221117815f29; discord:168872526628388864; fivem:2539654; license2:f7916e707111ec6730451bf91d72221117815f29]
[11:20:16 PM] [eeVmB#1] Moscovium: died from suicide (Falling)
[11:21:03 PM] [eeVmB#1] Moscovium: said "/adder"
[11:25:39 PM] [eeVmB#2] PVRRISH: died from suicide (Falling)
