
================================================================
======== Log Rotated - 9/26/2023, 12:00:00 AM                   
================================================================
[12:03:55 AM] [LNrWK#2] PVRRISH: died from Fist by Moscovium
[12:17:09 AM] [LNrWK#1] Moscovium: disconnected (Exiting)
[12:17:37 AM] [LNrWK#2] PVRRISH: disconnected (Exiting)

================================================================
======== txAdmin Starting - 9/26/2023, 4:48:50 PM               
================================================================

================================================================
======== txAdmin Starting - 9/26/2023, 4:51:01 PM               
================================================================

================================================================
======== txAdmin Starting - 9/26/2023, 4:52:16 PM               
================================================================
[4:52:42 PM] txAdmin: Logger started
[4:53:13 PM] [TQx6V#1] PVRRISH: joined with identifiers [license:f7916e707111ec6730451bf91d72221117815f29; discord:168872526628388864; fivem:2539654; license2:f7916e707111ec6730451bf91d72221117815f29]
[4:53:19 PM] [TQx6V#2] Moscovium: joined with identifiers [license:797ca6dae65d626cd567cfad5e6cedb41d9d26f9; discord:367950369961148416; fivem:2137848; license2:f4a4d1839926a28fb9ec246ff12a973fe8a50624]
[5:16:21 PM] [TQx6V#1] PVRRISH: died from suicide (Falling)
[5:16:30 PM] [TQx6V#2] Moscovium: said "revive 2"
[5:16:33 PM] [TQx6V#2] Moscovium: said "revive 1"
[5:24:18 PM] [TQx6V#2] Moscovium: died from suicide (Pistol)
[5:25:05 PM] [TQx6V#2] Moscovium: died from suicide (Pistol)
[5:49:21 PM] [TQx6V#2] Moscovium: said "/adder"
[5:56:12 PM] [TQx6V#3] Davy Jones: joined with identifiers [license:a12dcb9fb78b7aa8ddc3ed0488105eb2115f5e84; xbl:2535470970623263; live:985157473015842; discord:278441367301128194; fivem:2609556; license2:a12dcb9fb78b7aa8ddc3ed0488105eb2115f5e84]
[6:04:57 PM] [TQx6V#2] Moscovium: died from Ranover by Vehicle by PVRRISH
[6:09:35 PM] [TQx6V#1] PVRRISH: said "/guvekeys"
[6:10:04 PM] [TQx6V#1] PVRRISH: said "givekeys 2"
[6:12:29 PM] [TQx6V#2] Moscovium: died from suicide (Falling)
[6:31:58 PM] [TQx6V#2] Moscovium: died from Fist by Davy Jones
[6:43:31 PM] [TQx6V#1] PVRRISH: disconnected (You were kicked for being AFK)
[7:10:15 PM] [TQx6V#4] PVRRISH: joined with identifiers [license:f7916e707111ec6730451bf91d72221117815f29; discord:168872526628388864; fivem:2539654; license2:f7916e707111ec6730451bf91d72221117815f29]
[7:18:47 PM] [TQx6V#2] Moscovium: disconnected ([txAdmin] Server restarting (requested by Tyler_Davis).)
[7:18:47 PM] [TQx6V#3] Davy Jones: disconnected ([txAdmin] Server restarting (requested by Tyler_Davis).)
[7:18:47 PM] [TQx6V#4] PVRRISH: disconnected ([txAdmin] Server restarting (requested by Tyler_Davis).)
[7:19:02 PM] txAdmin: Logger started
[7:19:27 PM] [CAmPb#1] Davy Jones: joined with identifiers [license:a12dcb9fb78b7aa8ddc3ed0488105eb2115f5e84; xbl:2535470970623263; live:985157473015842; discord:278441367301128194; fivem:2609556; license2:a12dcb9fb78b7aa8ddc3ed0488105eb2115f5e84]
[7:22:34 PM] [CAmPb#1] Davy Jones: died from suicide (Falling)
[7:22:46 PM] [CAmPb#2] PVRRISH: joined with identifiers [license:f7916e707111ec6730451bf91d72221117815f29; discord:168872526628388864; fivem:2539654; license2:f7916e707111ec6730451bf91d72221117815f29]
[7:22:59 PM] [CAmPb#3] Moscovium: joined with identifiers [license:797ca6dae65d626cd567cfad5e6cedb41d9d26f9; discord:367950369961148416; fivem:2137848; license2:f4a4d1839926a28fb9ec246ff12a973fe8a50624]
[7:47:00 PM] [CAmPb#3] Moscovium: disconnected ([txAdmin] Server shutting down (requested by Tyler_Davis).)
[7:47:00 PM] [CAmPb#1] Davy Jones: disconnected ([txAdmin] Server shutting down (requested by Tyler_Davis).)
[7:47:00 PM] [CAmPb#2] PVRRISH: disconnected ([txAdmin] Server shutting down (requested by Tyler_Davis).)

================================================================
======== txAdmin Starting - 9/26/2023, 7:49:39 PM               
================================================================
[7:50:29 PM] txAdmin: Logger started
[7:59:22 PM] [zgr9t#1] Davy Jones: joined with identifiers [license:a12dcb9fb78b7aa8ddc3ed0488105eb2115f5e84; xbl:2535470970623263; live:985157473015842; discord:278441367301128194; fivem:2609556; license2:a12dcb9fb78b7aa8ddc3ed0488105eb2115f5e84]
[8:00:17 PM] [zgr9t#2] PVRRISH: joined with identifiers [license:f7916e707111ec6730451bf91d72221117815f29; discord:168872526628388864; fivem:2539654; license2:f7916e707111ec6730451bf91d72221117815f29]
[8:02:23 PM] [zgr9t#2] PVRRISH: disconnected ([txAdmin] Server restarting (requested by Tyler_Davis).)
[8:02:23 PM] [zgr9t#1] Davy Jones: disconnected ([txAdmin] Server restarting (requested by Tyler_Davis).)
[8:02:37 PM] txAdmin: Logger started
[8:03:08 PM] [4yyzH#1] Davy Jones: joined with identifiers [license:a12dcb9fb78b7aa8ddc3ed0488105eb2115f5e84; xbl:2535470970623263; live:985157473015842; discord:278441367301128194; fivem:2609556; license2:a12dcb9fb78b7aa8ddc3ed0488105eb2115f5e84]
[8:03:26 PM] [4yyzH#2] PVRRISH: joined with identifiers [license:f7916e707111ec6730451bf91d72221117815f29; discord:168872526628388864; fivem:2539654; license2:f7916e707111ec6730451bf91d72221117815f29]
[8:03:36 PM] [4yyzH#3] Moscovium: joined with identifiers [license:797ca6dae65d626cd567cfad5e6cedb41d9d26f9; discord:367950369961148416; fivem:2137848; license2:f4a4d1839926a28fb9ec246ff12a973fe8a50624]
[8:12:52 PM] [4yyzH#3] Moscovium: died from suicide (Falling)
[8:30:22 PM] [4yyzH#3] Moscovium: died from Pistol by Davy Jones
[8:37:52 PM] [4yyzH#3] Moscovium: died from suicide (Falling)
[8:53:01 PM] [4yyzH#2] PVRRISH: disconnected (You were kicked for being AFK)
[8:54:00 PM] [4yyzH#3] Moscovium: disconnected ([txAdmin] Server restarting (requested by Tyler_Davis).)
[8:54:00 PM] [4yyzH#1] Davy Jones: disconnected ([txAdmin] Server restarting (requested by Tyler_Davis).)
[8:54:14 PM] txAdmin: Logger started
[8:54:40 PM] [hpQpV#1] Moscovium: joined with identifiers [license:797ca6dae65d626cd567cfad5e6cedb41d9d26f9; discord:367950369961148416; fivem:2137848; license2:f4a4d1839926a28fb9ec246ff12a973fe8a50624]
[8:56:12 PM] [hpQpV#2] Davy Jones: joined with identifiers [license:a12dcb9fb78b7aa8ddc3ed0488105eb2115f5e84; xbl:2535470970623263; live:985157473015842; discord:278441367301128194; fivem:2609556; license2:a12dcb9fb78b7aa8ddc3ed0488105eb2115f5e84]
[9:00:54 PM] [hpQpV#1] Moscovium: disconnected (Attempted exploit abuse)
[9:01:31 PM] [hpQpV#3] Moscovium: joined with identifiers [license:797ca6dae65d626cd567cfad5e6cedb41d9d26f9; discord:367950369961148416; fivem:2137848; license2:f4a4d1839926a28fb9ec246ff12a973fe8a50624]
[9:17:59 PM] [hpQpV#2] Davy Jones: disconnected ([txAdmin] Server restarting (requested by Tyler_Davis).)
[9:17:59 PM] [hpQpV#3] Moscovium: disconnected ([txAdmin] Server restarting (requested by Tyler_Davis).)
[9:18:14 PM] txAdmin: Logger started
[9:18:39 PM] [wKJkg#1] Moscovium: joined with identifiers [license:797ca6dae65d626cd567cfad5e6cedb41d9d26f9; discord:367950369961148416; fivem:2137848; license2:f4a4d1839926a28fb9ec246ff12a973fe8a50624]
[9:20:03 PM] [wKJkg#2] Davy Jones: joined with identifiers [license:a12dcb9fb78b7aa8ddc3ed0488105eb2115f5e84; xbl:2535470970623263; live:985157473015842; discord:278441367301128194; fivem:2609556; license2:a12dcb9fb78b7aa8ddc3ed0488105eb2115f5e84]
[9:37:06 PM] [wKJkg#1] Moscovium: died from suicide (Falling)
[9:38:29 PM] [wKJkg#1] Moscovium: died from Hammer by Davy Jones
[10:01:18 PM] [wKJkg#1] Moscovium: disconnected ([txAdmin] Server restarting (requested by Tyler_Davis).)
[10:01:18 PM] [wKJkg#2] Davy Jones: disconnected ([txAdmin] Server restarting (requested by Tyler_Davis).)
[10:01:32 PM] txAdmin: Logger started
[10:01:58 PM] [yaqW3#1] Moscovium: joined with identifiers [license:797ca6dae65d626cd567cfad5e6cedb41d9d26f9; discord:367950369961148416; fivem:2137848; license2:f4a4d1839926a28fb9ec246ff12a973fe8a50624]
[10:05:54 PM] [yaqW3#2] Davy Jones: joined with identifiers [license:a12dcb9fb78b7aa8ddc3ed0488105eb2115f5e84; xbl:2535470970623263; live:985157473015842; discord:278441367301128194; fivem:2609556; license2:a12dcb9fb78b7aa8ddc3ed0488105eb2115f5e84]
[10:20:15 PM] [yaqW3#1] Moscovium: disconnected ([txAdmin] Server restarting (requested by Tyler_Davis).)
[10:20:15 PM] [yaqW3#2] Davy Jones: disconnected ([txAdmin] Server restarting (requested by Tyler_Davis).)
[10:20:29 PM] txAdmin: Logger started
[10:23:48 PM] txAdmin: Logger started
[10:24:39 PM] [qBpEx#1] Moscovium: joined with identifiers [license:797ca6dae65d626cd567cfad5e6cedb41d9d26f9; discord:367950369961148416; fivem:2137848; license2:f4a4d1839926a28fb9ec246ff12a973fe8a50624]
[10:25:46 PM] [qBpEx#1] Moscovium: disconnected ([txAdmin] Server restarting (requested by Tyler_Davis).)
[10:26:20 PM] txAdmin: Logger started
[10:27:42 PM] [LbkUH#1] Moscovium: joined with identifiers [license:797ca6dae65d626cd567cfad5e6cedb41d9d26f9; discord:367950369961148416; fivem:2137848; license2:f4a4d1839926a28fb9ec246ff12a973fe8a50624]
[10:29:50 PM] [LbkUH#2] Davy Jones: joined with identifiers [license:a12dcb9fb78b7aa8ddc3ed0488105eb2115f5e84; xbl:2535470970623263; live:985157473015842; discord:278441367301128194; fivem:2609556; license2:a12dcb9fb78b7aa8ddc3ed0488105eb2115f5e84]
[10:55:32 PM] [LbkUH#1] Moscovium: disconnected ([txAdmin] Server restarting (requested by Tyler_Davis).)
[10:55:32 PM] [LbkUH#2] Davy Jones: disconnected ([txAdmin] Server restarting (requested by Tyler_Davis).)
[10:55:47 PM] txAdmin: Logger started
[10:56:12 PM] [gQ7Rg#1] Moscovium: joined with identifiers [license:797ca6dae65d626cd567cfad5e6cedb41d9d26f9; discord:367950369961148416; fivem:2137848; license2:f4a4d1839926a28fb9ec246ff12a973fe8a50624]
[10:57:16 PM] [gQ7Rg#2] Davy Jones: joined with identifiers [license:a12dcb9fb78b7aa8ddc3ed0488105eb2115f5e84; xbl:2535470970623263; live:985157473015842; discord:278441367301128194; fivem:2609556; license2:a12dcb9fb78b7aa8ddc3ed0488105eb2115f5e84]
[11:18:11 PM] [gQ7Rg#1] Moscovium: disconnected ([txAdmin] Server restarting (requested by Tyler_Davis).)
[11:18:11 PM] [gQ7Rg#2] Davy Jones: disconnected ([txAdmin] Server restarting (requested by Tyler_Davis).)
[11:18:25 PM] txAdmin: Logger started
[11:18:51 PM] [RB4pQ#1] Moscovium: joined with identifiers [license:797ca6dae65d626cd567cfad5e6cedb41d9d26f9; discord:367950369961148416; fivem:2137848; license2:f4a4d1839926a28fb9ec246ff12a973fe8a50624]
[11:18:59 PM] [RB4pQ#2] Davy Jones: joined with identifiers [license:a12dcb9fb78b7aa8ddc3ed0488105eb2115f5e84; xbl:2535470970623263; live:985157473015842; discord:278441367301128194; fivem:2609556; license2:a12dcb9fb78b7aa8ddc3ed0488105eb2115f5e84]
[11:21:50 PM] [RB4pQ#2] Davy Jones: said "/giveitemarammo"
[11:23:01 PM] [RB4pQ#2] Davy Jones: said "/giveitemAR_ammo"
[11:35:22 PM] [RB4pQ#2] Davy Jones: said "admin"
[11:43:00 PM] [RB4pQ#1] Moscovium: disconnected ([txAdmin] Server restarting (requested by Tyler_Davis).)
[11:43:00 PM] [RB4pQ#2] Davy Jones: disconnected ([txAdmin] Server restarting (requested by Tyler_Davis).)
[11:43:14 PM] txAdmin: Logger started
[11:43:40 PM] [bqnAe#1] Davy Jones: joined with identifiers [license:a12dcb9fb78b7aa8ddc3ed0488105eb2115f5e84; xbl:2535470970623263; live:985157473015842; discord:278441367301128194; fivem:2609556; license2:a12dcb9fb78b7aa8ddc3ed0488105eb2115f5e84]
[11:43:40 PM] [bqnAe#2] Moscovium: joined with identifiers [license:797ca6dae65d626cd567cfad5e6cedb41d9d26f9; discord:367950369961148416; fivem:2137848; license2:f4a4d1839926a28fb9ec246ff12a973fe8a50624]
