
================================================================
======== Log Rotated - 9/27/2023, 12:00:00 AM                   
================================================================
[12:25:24 AM] [bqnAe#2] Moscovium: died from suicide (Falling)
[12:34:21 AM] [bqnAe#2] Moscovium: disconnected (Exiting)
[12:38:22 AM] [bqnAe#1] Davy Jones: disconnected ([txAdmin] Server restarting (requested by Tyler_Davis).)
[12:39:41 AM] txAdmin: Logger started
[12:40:08 AM] [FwEDb#1] Davy Jones: joined with identifiers [license:a12dcb9fb78b7aa8ddc3ed0488105eb2115f5e84; xbl:2535470970623263; live:985157473015842; discord:278441367301128194; fivem:2609556; license2:a12dcb9fb78b7aa8ddc3ed0488105eb2115f5e84]
[12:52:40 AM] [FwEDb#1] Davy Jones: caused an explosion (CAR)
[12:55:16 AM] [FwEDb#1] Davy Jones: said "/lpm"
[1:01:57 AM] [FwEDb#1] Davy Jones: disconnected (Exiting)
[7:46:09 AM] txAdmin: Logger started
[10:04:53 AM] txAdmin: Logger started
[2:48:31 PM] txAdmin: Logger started

================================================================
======== txAdmin Starting - 9/27/2023, 4:47:56 PM               
================================================================
[4:48:11 PM] txAdmin: Logger started
[4:49:29 PM] [qNm7c#1] Moscovium: joined with identifiers [license:797ca6dae65d626cd567cfad5e6cedb41d9d26f9; discord:367950369961148416; fivem:2137848; license2:f4a4d1839926a28fb9ec246ff12a973fe8a50624]
[4:51:41 PM] [qNm7c#2] Davy Jones: joined with identifiers [license:a12dcb9fb78b7aa8ddc3ed0488105eb2115f5e84; xbl:2535470970623263; live:985157473015842; discord:278441367301128194; fivem:2609556; license2:a12dcb9fb78b7aa8ddc3ed0488105eb2115f5e84]
[5:03:30 PM] [qNm7c#2] Davy Jones: died from suicide (Falling)
[5:42:34 PM] [qNm7c#2] Davy Jones: disconnected (Exiting)
[5:43:19 PM] [qNm7c#3] Davy Jones: joined with identifiers [license:a12dcb9fb78b7aa8ddc3ed0488105eb2115f5e84; xbl:2535470970623263; live:985157473015842; discord:278441367301128194; fivem:2609556; license2:a12dcb9fb78b7aa8ddc3ed0488105eb2115f5e84]
[5:50:55 PM] [qNm7c#1] Moscovium: disconnected ([txAdmin] Server restarting (requested by Tyler_Davis).)
[5:50:55 PM] [qNm7c#3] Davy Jones: disconnected ([txAdmin] Server restarting (requested by Tyler_Davis).)
[5:51:09 PM] txAdmin: Logger started
[5:51:51 PM] [JEY4H#1] Moscovium: joined with identifiers [license:797ca6dae65d626cd567cfad5e6cedb41d9d26f9; discord:367950369961148416; fivem:2137848; license2:f4a4d1839926a28fb9ec246ff12a973fe8a50624]
[5:53:12 PM] [JEY4H#1] Moscovium: disconnected ([txAdmin] Server restarting (requested by Tyler_Davis).)
[5:53:27 PM] txAdmin: Logger started
[5:53:53 PM] [bM7h8#1] Moscovium: joined with identifiers [license:797ca6dae65d626cd567cfad5e6cedb41d9d26f9; discord:367950369961148416; fivem:2137848; license2:f4a4d1839926a28fb9ec246ff12a973fe8a50624]
[5:54:39 PM] [bM7h8#1] Moscovium: disconnected ([txAdmin] Server restarting (requested by Tyler_Davis).)
[5:54:53 PM] txAdmin: Logger started
[5:55:28 PM] [DFfNE#1] Moscovium: joined with identifiers [license:797ca6dae65d626cd567cfad5e6cedb41d9d26f9; discord:367950369961148416; fivem:2137848; license2:f4a4d1839926a28fb9ec246ff12a973fe8a50624]

================================================================
======== txAdmin Starting - 9/27/2023, 6:00:14 PM               
================================================================
[6:00:59 PM] txAdmin: Logger started
[6:01:22 PM] [LXkDg#1] Moscovium: joined with identifiers [license:797ca6dae65d626cd567cfad5e6cedb41d9d26f9; discord:367950369961148416; fivem:2137848; license2:f4a4d1839926a28fb9ec246ff12a973fe8a50624]
[6:17:36 PM] [LXkDg#1] Moscovium: disconnected ([txAdmin] Server restarting (requested by Tyler_Davis).)
[6:18:28 PM] txAdmin: Logger started
[6:18:50 PM] [bYXmr#1] Moscovium: joined with identifiers [license:797ca6dae65d626cd567cfad5e6cedb41d9d26f9; discord:367950369961148416; fivem:2137848; license2:f4a4d1839926a28fb9ec246ff12a973fe8a50624]
[6:20:30 PM] [bYXmr#1] Moscovium: disconnected ([txAdmin] Server restarting (requested by Tyler_Davis).)
[6:20:44 PM] txAdmin: Logger started
[6:21:09 PM] [kE4HJ#1] Moscovium: joined with identifiers [license:797ca6dae65d626cd567cfad5e6cedb41d9d26f9; discord:367950369961148416; fivem:2137848; license2:f4a4d1839926a28fb9ec246ff12a973fe8a50624]
[6:22:16 PM] [kE4HJ#1] Moscovium: disconnected ([txAdmin] Server shutting down (requested by Tyler_Davis).)

================================================================
======== txAdmin Starting - 9/27/2023, 6:22:34 PM               
================================================================
[6:22:43 PM] txAdmin: Logger started
[6:24:04 PM] [rGPjN#1] Moscovium: joined with identifiers [license:797ca6dae65d626cd567cfad5e6cedb41d9d26f9; discord:367950369961148416; fivem:2137848; license2:f4a4d1839926a28fb9ec246ff12a973fe8a50624]
[6:38:17 PM] [rGPjN#1] Moscovium: died from suicide (Falling)
[6:46:33 PM] [rGPjN#1] Moscovium: disconnected ([txAdmin] Server restarting (requested by Tyler_Davis).)
[6:46:48 PM] txAdmin: Logger started
[6:48:24 PM] [zEmeT#1] Moscovium: joined with identifiers [license:797ca6dae65d626cd567cfad5e6cedb41d9d26f9; discord:367950369961148416; fivem:2137848; license2:f4a4d1839926a28fb9ec246ff12a973fe8a50624]
[6:50:04 PM] [zEmeT#1] Moscovium: disconnected ([txAdmin] Server shutting down (requested by Tyler_Davis).)
[6:50:26 PM] txAdmin: Logger started
[6:51:01 PM] [FKm6c#1] Moscovium: joined with identifiers [license:797ca6dae65d626cd567cfad5e6cedb41d9d26f9; discord:367950369961148416; fivem:2137848; license2:f4a4d1839926a28fb9ec246ff12a973fe8a50624]
[7:03:59 PM] [FKm6c#2] PVRRISH: joined with identifiers [license:f7916e707111ec6730451bf91d72221117815f29; discord:168872526628388864; fivem:2539654; license2:f7916e707111ec6730451bf91d72221117815f29]
[7:09:10 PM] [FKm6c#2] PVRRISH: said "/occ i need lock picks"
[8:01:19 PM] [FKm6c#3] Davy Jones: joined with identifiers [license:a12dcb9fb78b7aa8ddc3ed0488105eb2115f5e84; xbl:2535470970623263; live:985157473015842; discord:278441367301128194; fivem:2609556; license2:a12dcb9fb78b7aa8ddc3ed0488105eb2115f5e84]
[8:11:52 PM] [FKm6c#1] Moscovium: disconnected ([txAdmin] Server restarting (requested by Tyler_Davis).)
[8:11:52 PM] [FKm6c#2] PVRRISH: disconnected ([txAdmin] Server restarting (requested by Tyler_Davis).)
[8:11:52 PM] [FKm6c#3] Davy Jones: disconnected ([txAdmin] Server restarting (requested by Tyler_Davis).)
[8:12:12 PM] txAdmin: Logger started
[8:12:32 PM] [tzURg#1] Moscovium: joined with identifiers [license:797ca6dae65d626cd567cfad5e6cedb41d9d26f9; discord:367950369961148416; fivem:2137848; license2:f4a4d1839926a28fb9ec246ff12a973fe8a50624]
[8:12:52 PM] [tzURg#2] PVRRISH: joined with identifiers [license:f7916e707111ec6730451bf91d72221117815f29; discord:168872526628388864; fivem:2539654; license2:f7916e707111ec6730451bf91d72221117815f29]
[8:14:52 PM] [tzURg#1] Moscovium: disconnected (Disconnected.)
[8:15:28 PM] [tzURg#3] Moscovium: joined with identifiers [license:797ca6dae65d626cd567cfad5e6cedb41d9d26f9; discord:367950369961148416; fivem:2137848; license2:f4a4d1839926a28fb9ec246ff12a973fe8a50624]
[8:24:14 PM] [tzURg#2] PVRRISH: disconnected ([txAdmin] Server restarting (requested by Tyler_Davis).)
[8:24:14 PM] [tzURg#3] Moscovium: disconnected ([txAdmin] Server restarting (requested by Tyler_Davis).)
[8:24:30 PM] txAdmin: Logger started
[8:24:55 PM] [nGE8n#1] Moscovium: joined with identifiers [license:797ca6dae65d626cd567cfad5e6cedb41d9d26f9; discord:367950369961148416; fivem:2137848; license2:f4a4d1839926a28fb9ec246ff12a973fe8a50624]
[8:27:30 PM] [nGE8n#2] PVRRISH: joined with identifiers [license:f7916e707111ec6730451bf91d72221117815f29; discord:168872526628388864; fivem:2539654; license2:f7916e707111ec6730451bf91d72221117815f29]
[8:38:53 PM] [nGE8n#1] Moscovium: disconnected ([txAdmin] Server restarting (requested by Tyler_Davis).)
[8:38:53 PM] [nGE8n#2] PVRRISH: disconnected ([txAdmin] Server restarting (requested by Tyler_Davis).)
[8:39:09 PM] txAdmin: Logger started
[8:39:34 PM] [9UMqy#1] Davy Jones: joined with identifiers [license:a12dcb9fb78b7aa8ddc3ed0488105eb2115f5e84; xbl:2535470970623263; live:985157473015842; discord:278441367301128194; fivem:2609556; license2:a12dcb9fb78b7aa8ddc3ed0488105eb2115f5e84]
[8:39:42 PM] [9UMqy#2] Moscovium: joined with identifiers [license:797ca6dae65d626cd567cfad5e6cedb41d9d26f9; discord:367950369961148416; fivem:2137848; license2:f4a4d1839926a28fb9ec246ff12a973fe8a50624]
[8:41:20 PM] [9UMqy#3] PVRRISH: joined with identifiers [license:f7916e707111ec6730451bf91d72221117815f29; discord:168872526628388864; fivem:2539654; license2:f7916e707111ec6730451bf91d72221117815f29]
[8:43:33 PM] [9UMqy#1] Davy Jones: disconnected ([txAdmin] Server restarting (requested by Tyler_Davis).)
[8:43:33 PM] [9UMqy#3] PVRRISH: disconnected ([txAdmin] Server restarting (requested by Tyler_Davis).)
[8:43:33 PM] [9UMqy#2] Moscovium: disconnected ([txAdmin] Server restarting (requested by Tyler_Davis).)
[8:43:47 PM] txAdmin: Logger started
[8:45:25 PM] txAdmin: Logger started
[8:46:59 PM] txAdmin: Logger started
[8:47:24 PM] [YwCtk#1] Moscovium: joined with identifiers [license:797ca6dae65d626cd567cfad5e6cedb41d9d26f9; discord:367950369961148416; fivem:2137848; license2:f4a4d1839926a28fb9ec246ff12a973fe8a50624]
[8:49:37 PM] [YwCtk#2] PVRRISH: joined with identifiers [license:f7916e707111ec6730451bf91d72221117815f29; discord:168872526628388864; fivem:2539654; license2:f7916e707111ec6730451bf91d72221117815f29]
[8:55:47 PM] [YwCtk#2] PVRRISH: said "pm"
[8:58:40 PM] [YwCtk#2] PVRRISH: disconnected (Exiting)
[8:59:23 PM] [YwCtk#3] PVRRISH: joined with identifiers [license:f7916e707111ec6730451bf91d72221117815f29; discord:168872526628388864; fivem:2539654; license2:f7916e707111ec6730451bf91d72221117815f29]
[9:02:19 PM] [YwCtk#1] Moscovium: disconnected (Exiting)
[9:05:42 PM] [YwCtk#4] Davy Jones: joined with identifiers [license:a12dcb9fb78b7aa8ddc3ed0488105eb2115f5e84; xbl:2535470970623263; live:985157473015842; discord:278441367301128194; fivem:2609556; license2:a12dcb9fb78b7aa8ddc3ed0488105eb2115f5e84]
[9:10:37 PM] [YwCtk#3] PVRRISH: disconnected ([txAdmin] Server restarting (requested by Tyler_Davis).)
[9:10:37 PM] [YwCtk#4] Davy Jones: disconnected ([txAdmin] Server restarting (requested by Tyler_Davis).)
[9:11:17 PM] txAdmin: Logger started
[9:11:33 PM] [KWbFm#1] Moscovium: joined with identifiers [license:797ca6dae65d626cd567cfad5e6cedb41d9d26f9; discord:367950369961148416; fivem:2137848; license2:f4a4d1839926a28fb9ec246ff12a973fe8a50624]
[9:14:18 PM] [KWbFm#2] PVRRISH: joined with identifiers [license:f7916e707111ec6730451bf91d72221117815f29; discord:168872526628388864; fivem:2539654; license2:f7916e707111ec6730451bf91d72221117815f29]
[9:14:21 PM] [KWbFm#3] Davy Jones: joined with identifiers [license:a12dcb9fb78b7aa8ddc3ed0488105eb2115f5e84; xbl:2535470970623263; live:985157473015842; discord:278441367301128194; fivem:2609556; license2:a12dcb9fb78b7aa8ddc3ed0488105eb2115f5e84]
[9:15:29 PM] [KWbFm#1] Moscovium: disconnected (Exiting)
[9:15:49 PM] [KWbFm#4] Moscovium: joined with identifiers [license:797ca6dae65d626cd567cfad5e6cedb41d9d26f9; discord:367950369961148416; fivem:2137848; license2:f4a4d1839926a28fb9ec246ff12a973fe8a50624]
[9:36:13 PM] [KWbFm#2] PVRRISH: died from suicide (Pistol)
[9:36:20 PM] [KWbFm#4] Moscovium: died from suicide (Pistol)
[9:36:23 PM] [KWbFm#2] PVRRISH: died from suicide (Pistol)
[9:36:31 PM] [KWbFm#4] Moscovium: died from suicide (Pistol)
[9:41:56 PM] [KWbFm#2] PVRRISH: died from suicide (Falling)
[9:46:41 PM] [KWbFm#3] Davy Jones: disconnected (You were kicked for being AFK)
[9:47:16 PM] [KWbFm#5] Davy Jones: joined with identifiers [license:a12dcb9fb78b7aa8ddc3ed0488105eb2115f5e84; xbl:2535470970623263; live:985157473015842; discord:278441367301128194; fivem:2609556; license2:a12dcb9fb78b7aa8ddc3ed0488105eb2115f5e84]
[9:59:02 PM] [KWbFm#5] Davy Jones: died from suicide (Falling)
[10:15:16 PM] [KWbFm#2] PVRRISH: caused an explosion (PLANE)
[10:15:16 PM] [KWbFm#2] PVRRISH: caused an explosion (PLANE)
[10:15:17 PM] [KWbFm#2] PVRRISH: died from suicide (Explosion)
[10:44:30 PM] [KWbFm#2] PVRRISH: died from Pistol by Davy Jones
[10:47:24 PM] [KWbFm#5] Davy Jones: died from Pistol by Moscovium
[10:47:32 PM] [KWbFm#4] Moscovium: said "\"
[10:47:38 PM] [KWbFm#4] Moscovium: died from Assault SMG by PVRRISH
[10:49:04 PM] [KWbFm#2] PVRRISH: disconnected ([txAdmin] Server restarting (requested by Tyler_Davis).)
[10:49:04 PM] [KWbFm#4] Moscovium: disconnected ([txAdmin] Server restarting (requested by Tyler_Davis).)
[10:49:04 PM] [KWbFm#5] Davy Jones: disconnected ([txAdmin] Server restarting (requested by Tyler_Davis).)
[10:50:15 PM] txAdmin: Logger started
[10:51:12 PM] [Qnfc4#1] Moscovium: joined with identifiers [license:797ca6dae65d626cd567cfad5e6cedb41d9d26f9; discord:367950369961148416; fivem:2137848; license2:f4a4d1839926a28fb9ec246ff12a973fe8a50624]
[10:51:18 PM] [Qnfc4#2] PVRRISH: joined with identifiers [license:f7916e707111ec6730451bf91d72221117815f29; discord:168872526628388864; fivem:2539654; license2:f7916e707111ec6730451bf91d72221117815f29]
[10:51:40 PM] [Qnfc4#3] Davy Jones: joined with identifiers [license:a12dcb9fb78b7aa8ddc3ed0488105eb2115f5e84; xbl:2535470970623263; live:985157473015842; discord:278441367301128194; fivem:2609556; license2:a12dcb9fb78b7aa8ddc3ed0488105eb2115f5e84]
[11:08:20 PM] [Qnfc4#1] Moscovium: disconnected ([txAdmin] Server restarting (requested by Tyler_Davis).)
[11:08:20 PM] [Qnfc4#2] PVRRISH: disconnected ([txAdmin] Server restarting (requested by Tyler_Davis).)
[11:08:20 PM] [Qnfc4#3] Davy Jones: disconnected ([txAdmin] Server restarting (requested by Tyler_Davis).)
[11:08:40 PM] txAdmin: Logger started
[11:09:02 PM] [TLjWY#1] Moscovium: joined with identifiers [license:797ca6dae65d626cd567cfad5e6cedb41d9d26f9; discord:367950369961148416; fivem:2137848; license2:f4a4d1839926a28fb9ec246ff12a973fe8a50624]
[11:10:59 PM] [TLjWY#2] Davy Jones: joined with identifiers [license:a12dcb9fb78b7aa8ddc3ed0488105eb2115f5e84; xbl:2535470970623263; live:985157473015842; discord:278441367301128194; fivem:2609556; license2:a12dcb9fb78b7aa8ddc3ed0488105eb2115f5e84]
[11:11:04 PM] [TLjWY#3] PVRRISH: joined with identifiers [license:f7916e707111ec6730451bf91d72221117815f29; discord:168872526628388864; fivem:2539654; license2:f7916e707111ec6730451bf91d72221117815f29]
[11:18:45 PM] [TLjWY#1] Moscovium: said "/carpoltahoe"
[11:20:47 PM] [TLjWY#1] Moscovium: disconnected (Exiting)
[11:20:55 PM] [TLjWY#3] PVRRISH: disconnected ([txAdmin] Server shutting down (requested by Tyler_Davis).)
[11:20:55 PM] [TLjWY#2] Davy Jones: disconnected ([txAdmin] Server shutting down (requested by Tyler_Davis).)
[11:21:39 PM] txAdmin: Logger started
[11:22:04 PM] [AAQhA#1] Davy Jones: joined with identifiers [license:a12dcb9fb78b7aa8ddc3ed0488105eb2115f5e84; xbl:2535470970623263; live:985157473015842; discord:278441367301128194; fivem:2609556; license2:a12dcb9fb78b7aa8ddc3ed0488105eb2115f5e84]
[11:22:15 PM] [AAQhA#2] Moscovium: joined with identifiers [license:797ca6dae65d626cd567cfad5e6cedb41d9d26f9; discord:367950369961148416; fivem:2137848; license2:f4a4d1839926a28fb9ec246ff12a973fe8a50624]
[11:51:15 PM] [AAQhA#1] Davy Jones: disconnected (Exiting)
